\BOOKMARK [0][-]{chapter.1}{\376\377\0001\000\040\000T\000S\000P}{}% 1
\BOOKMARK [1][-]{section.1.1}{\376\377\0001\000.\0001\000\040\000C\000o\000m\000p\000i\000l\000a\000t\000i\000o\000n}{chapter.1}% 2
\BOOKMARK [0][-]{chapter.2}{\376\377\0002\000\040\000C\000l\000a\000s\000s\000\040\000I\000n\000d\000e\000x}{}% 3
\BOOKMARK [1][-]{section.2.1}{\376\377\0002\000.\0001\000\040\000C\000l\000a\000s\000s\000\040\000L\000i\000s\000t}{chapter.2}% 4
\BOOKMARK [0][-]{chapter.3}{\376\377\0003\000\040\000F\000i\000l\000e\000\040\000I\000n\000d\000e\000x}{}% 5
\BOOKMARK [1][-]{section.3.1}{\376\377\0003\000.\0001\000\040\000F\000i\000l\000e\000\040\000L\000i\000s\000t}{chapter.3}% 6
\BOOKMARK [0][-]{chapter.4}{\376\377\0004\000\040\000C\000l\000a\000s\000s\000\040\000D\000o\000c\000u\000m\000e\000n\000t\000a\000t\000i\000o\000n}{}% 7
\BOOKMARK [1][-]{section.4.1}{\376\377\0004\000.\0001\000\040\000P\000o\000i\000n\000t\000\040\000C\000l\000a\000s\000s\000\040\000R\000e\000f\000e\000r\000e\000n\000c\000e}{chapter.4}% 8
\BOOKMARK [2][-]{subsection.4.1.1}{\376\377\0004\000.\0001\000.\0001\000\040\000C\000o\000n\000s\000t\000r\000u\000c\000t\000o\000r\000\040\000\046\000\040\000D\000e\000s\000t\000r\000u\000c\000t\000o\000r\000\040\000D\000o\000c\000u\000m\000e\000n\000t\000a\000t\000i\000o\000n}{section.4.1}% 9
\BOOKMARK [3][-]{subsubsection.4.1.1.1}{\376\377\0004\000.\0001\000.\0001\000.\0001\000\040\000P\000o\000i\000n\000t\000\050\000\051\000\040\000[\0001\000/\0002\000]}{subsection.4.1.1}% 10
\BOOKMARK [3][-]{subsubsection.4.1.1.2}{\376\377\0004\000.\0001\000.\0001\000.\0002\000\040\000P\000o\000i\000n\000t\000\050\000\051\000\040\000[\0002\000/\0002\000]}{subsection.4.1.1}% 11
\BOOKMARK [2][-]{subsection.4.1.2}{\376\377\0004\000.\0001\000.\0002\000\040\000F\000r\000i\000e\000n\000d\000s\000\040\000A\000n\000d\000\040\000R\000e\000l\000a\000t\000e\000d\000\040\000F\000u\000n\000c\000t\000i\000o\000n\000\040\000D\000o\000c\000u\000m\000e\000n\000t\000a\000t\000i\000o\000n}{section.4.1}% 12
\BOOKMARK [3][-]{subsubsection.4.1.2.1}{\376\377\0004\000.\0001\000.\0002\000.\0001\000\040\000o\000p\000e\000r\000a\000t\000o\000r\000<}{subsection.4.1.2}% 13
\BOOKMARK [2][-]{subsection.4.1.3}{\376\377\0004\000.\0001\000.\0003\000\040\000M\000e\000m\000b\000e\000r\000\040\000D\000a\000t\000a\000\040\000D\000o\000c\000u\000m\000e\000n\000t\000a\000t\000i\000o\000n}{section.4.1}% 14
\BOOKMARK [3][-]{subsubsection.4.1.3.1}{\376\377\0004\000.\0001\000.\0003\000.\0001\000\040\000x}{subsection.4.1.3}% 15
\BOOKMARK [3][-]{subsubsection.4.1.3.2}{\376\377\0004\000.\0001\000.\0003\000.\0002\000\040\000y}{subsection.4.1.3}% 16
\BOOKMARK [0][-]{chapter.5}{\376\377\0005\000\040\000F\000i\000l\000e\000\040\000D\000o\000c\000u\000m\000e\000n\000t\000a\000t\000i\000o\000n}{}% 17
\BOOKMARK [1][-]{section.5.1}{\376\377\0005\000.\0001\000\040\000/\000h\000o\000m\000e\000/\000c\000h\000r\000i\000s\000t\000i\000a\000n\000/\000D\000o\000c\000u\000m\000e\000n\000t\000s\000/\000A\000l\000g\000o\000r\000i\000t\000h\000m\000s\000\137\000P\000r\000o\000j\000e\000c\000t\0001\000/\000C\000M\000a\000k\000e\000L\000i\000s\000t\000s\000.\000t\000x\000t\000\040\000F\000i\000l\000e\000\040\000R\000e\000f\000e\000r\000e\000n\000c\000e}{chapter.5}% 18
\BOOKMARK [1][-]{section.5.2}{\376\377\0005\000.\0002\000\040\000/\000h\000o\000m\000e\000/\000c\000h\000r\000i\000s\000t\000i\000a\000n\000/\000D\000o\000c\000u\000m\000e\000n\000t\000s\000/\000A\000l\000g\000o\000r\000i\000t\000h\000m\000s\000\137\000P\000r\000o\000j\000e\000c\000t\0001\000/\000e\000x\000h\000a\000u\000s\000t\000i\000v\000e\000.\000c\000p\000p\000\040\000F\000i\000l\000e\000\040\000R\000e\000f\000e\000r\000e\000n\000c\000e}{chapter.5}% 19
\BOOKMARK [2][-]{subsection.5.2.1}{\376\377\0005\000.\0002\000.\0001\000\040\000F\000u\000n\000c\000t\000i\000o\000n\000\040\000D\000o\000c\000u\000m\000e\000n\000t\000a\000t\000i\000o\000n}{section.5.2}% 20
\BOOKMARK [3][-]{subsubsection.5.2.1.1}{\376\377\0005\000.\0002\000.\0001\000.\0001\000\040\000c\000a\000l\000c\000u\000l\000a\000t\000e\000E\000x\000h\000a\000u\000s\000t\000i\000v\000e\000\050\000\051}{subsection.5.2.1}% 21
\BOOKMARK [3][-]{subsubsection.5.2.1.2}{\376\377\0005\000.\0002\000.\0001\000.\0002\000\040\000c\000r\000e\000a\000t\000e\000P\000e\000r\000m\000u\000t\000a\000t\000i\000o\000n\000s\000\050\000\051}{subsection.5.2.1}% 22
\BOOKMARK [3][-]{subsubsection.5.2.1.3}{\376\377\0005\000.\0002\000.\0001\000.\0003\000\040\000g\000e\000t\000M\000i\000n\000D\000i\000s\000t\000\050\000\051}{subsection.5.2.1}% 23
\BOOKMARK [3][-]{subsubsection.5.2.1.4}{\376\377\0005\000.\0002\000.\0001\000.\0004\000\040\000g\000e\000t\000P\000e\000r\000m\000u\000t\000a\000t\000i\000o\000n\000s\000\050\000\051}{subsection.5.2.1}% 24
\BOOKMARK [2][-]{subsection.5.2.2}{\376\377\0005\000.\0002\000.\0002\000\040\000V\000a\000r\000i\000a\000b\000l\000e\000\040\000D\000o\000c\000u\000m\000e\000n\000t\000a\000t\000i\000o\000n}{section.5.2}% 25
\BOOKMARK [3][-]{subsubsection.5.2.2.1}{\376\377\0005\000.\0002\000.\0002\000.\0001\000\040\000m\000i\000n\000D\000i\000s\000t}{subsection.5.2.2}% 26
\BOOKMARK [3][-]{subsubsection.5.2.2.2}{\376\377\0005\000.\0002\000.\0002\000.\0002\000\040\000p\000e\000r\000m\000u\000t\000a\000t\000i\000o\000n\000s}{subsection.5.2.2}% 27
\BOOKMARK [3][-]{subsubsection.5.2.2.3}{\376\377\0005\000.\0002\000.\0002\000.\0003\000\040\000p\000o\000t\000e\000n\000t\000i\000a\000l\000P\000a\000t\000h\000s}{subsection.5.2.2}% 28
\BOOKMARK [1][-]{section.5.3}{\376\377\0005\000.\0003\000\040\000/\000h\000o\000m\000e\000/\000c\000h\000r\000i\000s\000t\000i\000a\000n\000/\000D\000o\000c\000u\000m\000e\000n\000t\000s\000/\000A\000l\000g\000o\000r\000i\000t\000h\000m\000s\000\137\000P\000r\000o\000j\000e\000c\000t\0001\000/\000e\000x\000h\000a\000u\000s\000t\000i\000v\000e\000.\000h\000\040\000F\000i\000l\000e\000\040\000R\000e\000f\000e\000r\000e\000n\000c\000e}{chapter.5}% 29
\BOOKMARK [2][-]{subsection.5.3.1}{\376\377\0005\000.\0003\000.\0001\000\040\000F\000u\000n\000c\000t\000i\000o\000n\000\040\000D\000o\000c\000u\000m\000e\000n\000t\000a\000t\000i\000o\000n}{section.5.3}% 30
\BOOKMARK [3][-]{subsubsection.5.3.1.1}{\376\377\0005\000.\0003\000.\0001\000.\0001\000\040\000c\000a\000l\000c\000u\000l\000a\000t\000e\000E\000x\000h\000a\000u\000s\000t\000i\000v\000e\000\050\000\051}{subsection.5.3.1}% 31
\BOOKMARK [3][-]{subsubsection.5.3.1.2}{\376\377\0005\000.\0003\000.\0001\000.\0002\000\040\000c\000r\000e\000a\000t\000e\000P\000e\000r\000m\000u\000t\000a\000t\000i\000o\000n\000s\000\050\000\051}{subsection.5.3.1}% 32
\BOOKMARK [3][-]{subsubsection.5.3.1.3}{\376\377\0005\000.\0003\000.\0001\000.\0003\000\040\000g\000e\000t\000M\000i\000n\000D\000i\000s\000t\000\050\000\051}{subsection.5.3.1}% 33
\BOOKMARK [3][-]{subsubsection.5.3.1.4}{\376\377\0005\000.\0003\000.\0001\000.\0004\000\040\000g\000e\000t\000P\000e\000r\000m\000u\000t\000a\000t\000i\000o\000n\000s\000\050\000\051}{subsection.5.3.1}% 34
\BOOKMARK [1][-]{section.5.4}{\376\377\0005\000.\0004\000\040\000/\000h\000o\000m\000e\000/\000c\000h\000r\000i\000s\000t\000i\000a\000n\000/\000D\000o\000c\000u\000m\000e\000n\000t\000s\000/\000A\000l\000g\000o\000r\000i\000t\000h\000m\000s\000\137\000P\000r\000o\000j\000e\000c\000t\0001\000/\000h\000e\000l\000p\000e\000r\000s\000.\000c\000p\000p\000\040\000F\000i\000l\000e\000\040\000R\000e\000f\000e\000r\000e\000n\000c\000e}{chapter.5}% 35
\BOOKMARK [2][-]{subsection.5.4.1}{\376\377\0005\000.\0004\000.\0001\000\040\000F\000u\000n\000c\000t\000i\000o\000n\000\040\000D\000o\000c\000u\000m\000e\000n\000t\000a\000t\000i\000o\000n}{section.5.4}% 36
\BOOKMARK [3][-]{subsubsection.5.4.1.1}{\376\377\0005\000.\0004\000.\0001\000.\0001\000\040\000c\000a\000l\000c\000u\000l\000a\000t\000e\000D\000i\000s\000t\000a\000n\000c\000e\000\050\000\051}{subsection.5.4.1}% 37
\BOOKMARK [3][-]{subsubsection.5.4.1.2}{\376\377\0005\000.\0004\000.\0001\000.\0002\000\040\000g\000e\000n\000e\000r\000a\000t\000e\000B\000i\000g\000R\000a\000n\000d\000o\000m\000N\000\050\000\051}{subsection.5.4.1}% 38
\BOOKMARK [3][-]{subsubsection.5.4.1.3}{\376\377\0005\000.\0004\000.\0001\000.\0003\000\040\000g\000e\000n\000e\000r\000a\000t\000e\000R\000a\000n\000d\000o\000m\000N\000\050\000\051}{subsection.5.4.1}% 39
\BOOKMARK [3][-]{subsubsection.5.4.1.4}{\376\377\0005\000.\0004\000.\0001\000.\0004\000\040\000g\000e\000n\000e\000r\000a\000t\000e\000R\000a\000n\000d\000o\000m\000P\000o\000i\000n\000t\000s\000\050\000\051}{subsection.5.4.1}% 40
\BOOKMARK [1][-]{section.5.5}{\376\377\0005\000.\0005\000\040\000/\000h\000o\000m\000e\000/\000c\000h\000r\000i\000s\000t\000i\000a\000n\000/\000D\000o\000c\000u\000m\000e\000n\000t\000s\000/\000A\000l\000g\000o\000r\000i\000t\000h\000m\000s\000\137\000P\000r\000o\000j\000e\000c\000t\0001\000/\000h\000e\000l\000p\000e\000r\000s\000.\000h\000\040\000F\000i\000l\000e\000\040\000R\000e\000f\000e\000r\000e\000n\000c\000e}{chapter.5}% 41
\BOOKMARK [2][-]{subsection.5.5.1}{\376\377\0005\000.\0005\000.\0001\000\040\000F\000u\000n\000c\000t\000i\000o\000n\000\040\000D\000o\000c\000u\000m\000e\000n\000t\000a\000t\000i\000o\000n}{section.5.5}% 42
\BOOKMARK [3][-]{subsubsection.5.5.1.1}{\376\377\0005\000.\0005\000.\0001\000.\0001\000\040\000a\000d\000d\000T\000o\000P\000a\000t\000h\000\050\000\051}{subsection.5.5.1}% 43
\BOOKMARK [3][-]{subsubsection.5.5.1.2}{\376\377\0005\000.\0005\000.\0001\000.\0002\000\040\000c\000a\000l\000c\000u\000l\000a\000t\000e\000D\000i\000s\000t\000a\000n\000c\000e\000\050\000\051}{subsection.5.5.1}% 44
\BOOKMARK [3][-]{subsubsection.5.5.1.3}{\376\377\0005\000.\0005\000.\0001\000.\0003\000\040\000g\000e\000n\000e\000r\000a\000t\000e\000B\000i\000g\000R\000a\000n\000d\000o\000m\000N\000\050\000\051}{subsection.5.5.1}% 45
\BOOKMARK [3][-]{subsubsection.5.5.1.4}{\376\377\0005\000.\0005\000.\0001\000.\0004\000\040\000g\000e\000n\000e\000r\000a\000t\000e\000R\000a\000n\000d\000o\000m\000N\000\050\000\051}{subsection.5.5.1}% 46
\BOOKMARK [3][-]{subsubsection.5.5.1.5}{\376\377\0005\000.\0005\000.\0001\000.\0005\000\040\000g\000e\000n\000e\000r\000a\000t\000e\000R\000a\000n\000d\000o\000m\000P\000o\000i\000n\000t\000s\000\050\000\051}{subsection.5.5.1}% 47
\BOOKMARK [1][-]{section.5.6}{\376\377\0005\000.\0006\000\040\000/\000h\000o\000m\000e\000/\000c\000h\000r\000i\000s\000t\000i\000a\000n\000/\000D\000o\000c\000u\000m\000e\000n\000t\000s\000/\000A\000l\000g\000o\000r\000i\000t\000h\000m\000s\000\137\000P\000r\000o\000j\000e\000c\000t\0001\000/\000m\000a\000i\000n\000.\000c\000p\000p\000\040\000F\000i\000l\000e\000\040\000R\000e\000f\000e\000r\000e\000n\000c\000e}{chapter.5}% 48
\BOOKMARK [2][-]{subsection.5.6.1}{\376\377\0005\000.\0006\000.\0001\000\040\000F\000u\000n\000c\000t\000i\000o\000n\000\040\000D\000o\000c\000u\000m\000e\000n\000t\000a\000t\000i\000o\000n}{section.5.6}% 49
\BOOKMARK [3][-]{subsubsection.5.6.1.1}{\376\377\0005\000.\0006\000.\0001\000.\0001\000\040\000a\000n\000a\000l\000y\000s\000i\000s\000\050\000\051}{subsection.5.6.1}% 50
\BOOKMARK [3][-]{subsubsection.5.6.1.2}{\376\377\0005\000.\0006\000.\0001\000.\0002\000\040\000b\000u\000i\000l\000d\000R\000a\000n\000d\000o\000m\000L\000i\000s\000t\000\050\000\051}{subsection.5.6.1}% 51
\BOOKMARK [3][-]{subsubsection.5.6.1.3}{\376\377\0005\000.\0006\000.\0001\000.\0003\000\040\000c\000l\000e\000a\000n\000U\000p\000\050\000\051}{subsection.5.6.1}% 52
\BOOKMARK [3][-]{subsubsection.5.6.1.4}{\376\377\0005\000.\0006\000.\0001\000.\0004\000\040\000g\000e\000n\000e\000r\000a\000t\000e\000F\000i\000l\000e\000s\000\050\000\051}{subsection.5.6.1}% 53
\BOOKMARK [3][-]{subsubsection.5.6.1.5}{\376\377\0005\000.\0006\000.\0001\000.\0005\000\040\000l\000o\000a\000d\000F\000i\000l\000e\000\050\000\051}{subsection.5.6.1}% 54
\BOOKMARK [3][-]{subsubsection.5.6.1.6}{\376\377\0005\000.\0006\000.\0001\000.\0006\000\040\000m\000a\000i\000n\000\050\000\051}{subsection.5.6.1}% 55
\BOOKMARK [3][-]{subsubsection.5.6.1.7}{\376\377\0005\000.\0006\000.\0001\000.\0007\000\040\000p\000r\000i\000m\000a\000r\000y\000L\000o\000g\000i\000c\000\050\000\051}{subsection.5.6.1}% 56
\BOOKMARK [2][-]{subsection.5.6.2}{\376\377\0005\000.\0006\000.\0002\000\040\000V\000a\000r\000i\000a\000b\000l\000e\000\040\000D\000o\000c\000u\000m\000e\000n\000t\000a\000t\000i\000o\000n}{section.5.6}% 57
\BOOKMARK [3][-]{subsubsection.5.6.2.1}{\376\377\0005\000.\0006\000.\0002\000.\0001\000\040\000a\000l\000l\000P\000o\000i\000n\000t\000s}{subsection.5.6.2}% 58
\BOOKMARK [3][-]{subsubsection.5.6.2.2}{\376\377\0005\000.\0006\000.\0002\000.\0002\000\040\000c\000o\000p\000y\000A\000l\000l\000P\000o\000i\000n\000t\000s}{subsection.5.6.2}% 59
\BOOKMARK [3][-]{subsubsection.5.6.2.3}{\376\377\0005\000.\0006\000.\0002\000.\0003\000\040\000f\000i\000n\000a\000l\000D\000i\000s\000t\000a\000n\000c\000e}{subsection.5.6.2}% 60
\BOOKMARK [3][-]{subsubsection.5.6.2.4}{\376\377\0005\000.\0006\000.\0002\000.\0004\000\040\000n\000u\000m\000b\000e\000r\000O\000f\000F\000i\000l\000e\000s}{subsection.5.6.2}% 61
\BOOKMARK [3][-]{subsubsection.5.6.2.5}{\376\377\0005\000.\0006\000.\0002\000.\0005\000\040\000n\000u\000m\000b\000e\000r\000P\000o\000i\000n\000t\000s}{subsection.5.6.2}% 62
\BOOKMARK [3][-]{subsubsection.5.6.2.6}{\376\377\0005\000.\0006\000.\0002\000.\0006\000\040\000t\000h\000e\000P\000a\000t\000h}{subsection.5.6.2}% 63
\BOOKMARK [1][-]{section.5.7}{\376\377\0005\000.\0007\000\040\000/\000h\000o\000m\000e\000/\000c\000h\000r\000i\000s\000t\000i\000a\000n\000/\000D\000o\000c\000u\000m\000e\000n\000t\000s\000/\000A\000l\000g\000o\000r\000i\000t\000h\000m\000s\000\137\000P\000r\000o\000j\000e\000c\000t\0001\000/\000P\000o\000i\000n\000t\000.\000c\000p\000p\000\040\000F\000i\000l\000e\000\040\000R\000e\000f\000e\000r\000e\000n\000c\000e}{chapter.5}% 64
\BOOKMARK [1][-]{section.5.8}{\376\377\0005\000.\0008\000\040\000/\000h\000o\000m\000e\000/\000c\000h\000r\000i\000s\000t\000i\000a\000n\000/\000D\000o\000c\000u\000m\000e\000n\000t\000s\000/\000A\000l\000g\000o\000r\000i\000t\000h\000m\000s\000\137\000P\000r\000o\000j\000e\000c\000t\0001\000/\000P\000o\000i\000n\000t\000.\000h\000\040\000F\000i\000l\000e\000\040\000R\000e\000f\000e\000r\000e\000n\000c\000e}{chapter.5}% 65
\BOOKMARK [0][-]{section*.12}{\376\377\000I\000n\000d\000e\000x}{}% 66
